2026-05-20 13:42:32,633 - INFO - ============================================================
2026-05-20 13:42:32,633 - INFO - 乘客上下车统计系统启动
2026-05-20 13:42:32,634 - INFO - 视频: ./videos/20260325150945_448767d6_chunk_012_5fps.mp4
2026-05-20 13:42:32,634 - INFO - 模型: ./checkpoints/yolo26x.pt
2026-05-20 13:42:32,634 - INFO - ============================================================
2026-05-20 13:42:32,704 - INFO - 视频信息: 1920x1080@5.0fps, 共1990帧
2026-05-20 13:42:32,894 - INFO - 条件重识别阈值: 8秒 = 40帧
2026-05-20 13:42:32,894 - INFO - 截图保存到: ./person_crops_count
2026-05-20 13:42:32,970 - INFO - ROI区域: (96, 216, 1824, 864)
2026-05-20 13:42:33,595 - INFO - 开始处理视频 (按 'q' 退出)...
2026-05-20 13:42:43,153 - INFO - 进度: 30/1990 (1.5%)
2026-05-20 13:42:53,545 - INFO - 进度: 60/1990 (3.0%)
2026-05-20 13:42:56,753 - INFO - [重识别] 行人 4 满足条件后重新匹配 (相似度: 0.733)
2026-05-20 13:43:03,045 - INFO - 进度: 90/1990 (4.5%)
2026-05-20 13:43:08,535 - INFO - [重识别] 行人 5 满足条件后重新匹配 (相似度: 0.849)
2026-05-20 13:43:11,735 - INFO - [重识别] 行人 2 满足条件后重新匹配 (相似度: 0.812)
2026-05-20 13:43:13,351 - INFO - 进度: 120/1990 (6.0%)
2026-05-20 13:43:13,658 - INFO - [重识别] 行人 6 满足条件后重新匹配 (相似度: 0.809)
2026-05-20 13:43:13,658 - INFO - [上车事件] 行人ID 2 上了车辆ID 13，距离: 21.2px，帧号: 121
2026-05-20 13:43:16,502 - INFO - [重识别] 行人 7 满足条件后重新匹配 (相似度: 0.843)
2026-05-20 13:43:17,440 - INFO - [重识别] 行人 3 满足条件后重新匹配 (相似度: 0.813)
2026-05-20 13:43:23,354 - INFO - 进度: 150/1990 (7.5%)
2026-05-20 13:43:23,666 - INFO - [重识别] 行人 2 满足条件后重新匹配 (相似度: 0.860)
2026-05-20 13:43:32,900 - INFO - 进度: 180/1990 (9.0%)
2026-05-20 13:43:36,240 - INFO - [重识别] 行人 4 满足条件后重新匹配 (相似度: 0.715)
2026-05-20 13:43:43,268 - INFO - 进度: 210/1990 (10.6%)
2026-05-20 13:43:43,577 - INFO - [重识别] 行人 2 满足条件后重新匹配 (相似度: 0.839)
2026-05-20 13:43:53,648 - INFO - 进度: 240/1990 (12.1%)
2026-05-20 13:43:56,816 - INFO - [重识别] 行人 7 满足条件后重新匹配 (相似度: 0.827)
2026-05-20 13:43:59,671 - INFO - [重识别] 行人 9 满足条件后重新匹配 (相似度: 0.827)
2026-05-20 13:43:59,671 - INFO - [上车事件] 行人ID 17 上了车辆ID 3，距离: 22.2px，帧号: 259
2026-05-20 13:44:03,188 - INFO - 进度: 270/1990 (13.6%)
2026-05-20 13:44:05,907 - INFO - [重识别] 行人 16 满足条件后重新匹配 (相似度: 0.793)
2026-05-20 13:44:08,466 - INFO - [重识别] 行人 5 满足条件后重新匹配 (相似度: 0.825)
2026-05-20 13:44:09,440 - INFO - [重识别] 行人 8 满足条件后重新匹配 (相似度: 0.867)
2026-05-20 13:44:10,404 - INFO - [重识别] 行人 2 满足条件后重新匹配 (相似度: 0.859)
2026-05-20 13:44:12,663 - INFO - [上车事件] 行人ID 9 上了车辆ID 264，距离: 28.3px，帧号: 298
2026-05-20 13:44:13,311 - INFO - 进度: 300/1990 (15.1%)
2026-05-20 13:44:23,308 - INFO - [重识别] 行人 11 满足条件后重新匹配 (相似度: 0.795)
2026-05-20 13:44:23,638 - INFO - 进度: 330/1990 (16.6%)
2026-05-20 13:44:27,149 - INFO - [重识别] 行人 1 满足条件后重新匹配 (相似度: 0.739)
2026-05-20 13:44:27,151 - INFO - [重识别] 行人 6 满足条件后重新匹配 (相似度: 0.809)
2026-05-20 13:44:28,126 - INFO - [重识别] 行人 12 满足条件后重新匹配 (相似度: 0.783)
2026-05-20 13:44:33,279 - INFO - 进度: 360/1990 (18.1%)
2026-05-20 13:44:33,930 - INFO - [上车事件] 行人ID 1 上了车辆ID 252，距离: 20.9px，帧号: 362
2026-05-20 13:44:43,406 - INFO - 进度: 390/1990 (19.6%)
2026-05-20 13:44:46,587 - INFO - [重识别] 行人 1 满足条件后重新匹配 (相似度: 0.837)
2026-05-20 13:44:46,587 - INFO - [下车事件] 行人ID 1 从车辆ID 252 下车，距离: 7.1px（前一帧该车无人），帧号: 400
2026-05-20 13:44:50,856 - INFO - [重识别] 行人 18 满足条件后重新匹配 (相似度: 0.814)
2026-05-20 13:44:53,716 - INFO - 进度: 420/1990 (21.1%)
2026-05-20 13:44:54,032 - INFO - [重识别] 行人 10 满足条件后重新匹配 (相似度: 0.789)
2026-05-20 13:44:54,676 - INFO - [重识别] 行人 16 满足条件后重新匹配 (相似度: 0.792)
2026-05-20 13:45:03,285 - INFO - 进度: 450/1990 (22.6%)
2026-05-20 13:45:07,534 - INFO - [重识别] 行人 17 满足条件后重新匹配 (相似度: 0.732)
2026-05-20 13:45:13,564 - INFO - 进度: 480/1990 (24.1%)
2026-05-20 13:45:18,657 - INFO - [重识别] 行人 16 满足条件后重新匹配 (相似度: 0.757)
2026-05-20 13:45:23,612 - INFO - 进度: 510/1990 (25.6%)
2026-05-20 13:45:25,835 - INFO - [重识别] 行人 18 满足条件后重新匹配 (相似度: 0.857)
2026-05-20 13:45:26,477 - INFO - [重识别] 行人 5 满足条件后重新匹配 (相似度: 0.879)
2026-05-20 13:45:29,357 - INFO - [重识别] 行人 1 满足条件后重新匹配 (相似度: 0.851)
2026-05-20 13:45:30,321 - INFO - [重识别] 行人 17 满足条件后重新匹配 (相似度: 0.845)
2026-05-20 13:45:30,649 - INFO - [上车事件] 行人ID 16 上了车辆ID 448，距离: 27.3px，帧号: 532
2026-05-20 13:45:33,254 - INFO - 进度: 540/1990 (27.1%)
2026-05-20 13:45:39,362 - INFO - [重识别] 行人 15 满足条件后重新匹配 (相似度: 0.702)
2026-05-20 13:45:43,514 - INFO - 进度: 570/1990 (28.6%)
2026-05-20 13:45:44,458 - INFO - [重识别] 行人 17 满足条件后重新匹配 (相似度: 0.879)
2026-05-20 13:45:53,616 - INFO - 进度: 600/1990 (30.2%)
2026-05-20 13:45:56,792 - INFO - [重识别] 行人 13 满足条件后重新匹配 (相似度: 0.744)
2026-05-20 13:45:57,111 - INFO - [重识别] 行人 2 满足条件后重新匹配 (相似度: 0.940)
2026-05-20 13:45:58,691 - INFO - [重识别] 行人 22 满足条件后重新匹配 (相似度: 0.741)
2026-05-20 13:45:59,647 - INFO - [重识别] 行人 18 满足条件后重新匹配 (相似度: 0.878)
2026-05-20 13:46:03,119 - INFO - 进度: 630/1990 (31.7%)
2026-05-20 13:46:05,750 - INFO - [重识别] 行人 12 满足条件后重新匹配 (相似度: 0.747)
2026-05-20 13:46:09,894 - INFO - [上车事件] 行人ID 23 上了车辆ID 485，距离: 29.4px，帧号: 649
2026-05-20 13:46:13,344 - INFO - 进度: 660/1990 (33.2%)
2026-05-20 13:46:15,282 - INFO - [重识别] 行人 18 满足条件后重新匹配 (相似度: 0.888)
2026-05-20 13:46:15,285 - INFO - [重识别] 行人 19 满足条件后重新匹配 (相似度: 0.758)
2026-05-20 13:46:22,537 - INFO - [重识别] 行人 22 满足条件后重新匹配 (相似度: 0.816)
2026-05-20 13:46:23,505 - INFO - 进度: 690/1990 (34.7%)
2026-05-20 13:46:23,810 - INFO - [重识别] 行人 20 满足条件后重新匹配 (相似度: 0.842)
2026-05-20 13:46:23,814 - INFO - [重识别] 行人 23 满足条件后重新匹配 (相似度: 0.869)
2026-05-20 13:46:27,016 - INFO - [重识别] 行人 2 满足条件后重新匹配 (相似度: 0.954)
2026-05-20 13:46:33,011 - INFO - 进度: 720/1990 (36.2%)
2026-05-20 13:46:38,760 - INFO - [重识别] 行人 2 满足条件后重新匹配 (相似度: 0.936)
2026-05-20 13:46:43,215 - INFO - 进度: 750/1990 (37.7%)
2026-05-20 13:46:45,419 - INFO - [重识别] 行人 23 满足条件后重新匹配 (相似度: 0.847)
2026-05-20 13:46:52,228 - INFO - [重识别] 行人 18 满足条件后重新匹配 (相似度: 0.729)
2026-05-20 13:46:52,549 - INFO - [上车事件] 行人ID 24 上了车辆ID 577，距离: 29.6px，帧号: 778
2026-05-20 13:46:53,194 - INFO - 进度: 780/1990 (39.2%)
2026-05-20 13:46:54,152 - INFO - [重识别] 行人 5 满足条件后重新匹配 (相似度: 0.805)
2026-05-20 13:46:57,326 - INFO - [重识别] 行人 22 满足条件后重新匹配 (相似度: 0.821)
2026-05-20 13:46:59,543 - INFO - [下车事件] 行人ID 22 从车辆ID 589 下车，距离: 10.2px（前一帧该车无人），帧号: 800
2026-05-20 13:47:00,176 - INFO - [上车事件] 行人ID 22 上了车辆ID 589，距离: 11.0px，帧号: 802
2026-05-20 13:47:02,721 - INFO - 进度: 810/1990 (40.7%)
2026-05-20 13:47:05,256 - INFO - [重识别] 行人 5 满足条件后重新匹配 (相似度: 0.744)
2026-05-20 13:47:11,942 - INFO - [重识别] 行人 21 满足条件后重新匹配 (相似度: 0.823)
2026-05-20 13:47:12,895 - INFO - 进度: 840/1990 (42.2%)
2026-05-20 13:47:18,329 - INFO - [重识别] 行人 2 满足条件后重新匹配 (相似度: 0.949)
2026-05-20 13:47:22,945 - INFO - 进度: 870/1990 (43.7%)
2026-05-20 13:47:28,936 - INFO - [重识别] 行人 2 满足条件后重新匹配 (相似度: 0.944)
2026-05-20 13:47:32,459 - INFO - 进度: 900/1990 (45.2%)
2026-05-20 13:47:33,746 - INFO - [重识别] 行人 23 满足条件后重新匹配 (相似度: 0.894)
2026-05-20 13:47:41,478 - INFO - [重识别] 行人 26 满足条件后重新匹配 (相似度: 0.945)
2026-05-20 13:47:42,436 - INFO - [重识别] 行人 5 满足条件后重新匹配 (相似度: 0.774)
2026-05-20 13:47:42,761 - INFO - 进度: 930/1990 (46.7%)
2026-05-20 13:47:43,077 - INFO - [重识别] 行人 19 满足条件后重新匹配 (相似度: 0.720)
2026-05-20 13:47:50,989 - INFO - [重识别] 行人 17 满足条件后重新匹配 (相似度: 0.797)
2026-05-20 13:47:52,920 - INFO - 进度: 960/1990 (48.2%)
2026-05-20 13:47:56,513 - INFO - [重识别] 行人 6 满足条件后重新匹配 (相似度: 0.783)
2026-05-20 13:47:56,516 - INFO - [重识别] 行人 21 满足条件后重新匹配 (相似度: 0.865)
2026-05-20 13:48:00,344 - INFO - [重识别] 行人 20 满足条件后重新匹配 (相似度: 0.799)
2026-05-20 13:48:02,571 - INFO - 进度: 990/1990 (49.7%)
2026-05-20 13:48:04,996 - INFO - [重识别] 行人 16 满足条件后重新匹配 (相似度: 0.785)
2026-05-20 13:48:10,550 - INFO - [重识别] 行人 26 满足条件后重新匹配 (相似度: 0.826)
2026-05-20 13:48:12,776 - INFO - [重识别] 行人 6 满足条件后重新匹配 (相似度: 0.761)
2026-05-20 13:48:12,789 - INFO - 进度: 1020/1990 (51.3%)
2026-05-20 13:48:22,853 - INFO - 进度: 1050/1990 (52.8%)
2026-05-20 13:48:29,147 - INFO - [重识别] 行人 26 满足条件后重新匹配 (相似度: 0.724)
2026-05-20 13:48:32,361 - INFO - [重识别] 行人 21 满足条件后重新匹配 (相似度: 0.796)
2026-05-20 13:48:32,369 - INFO - 进度: 1080/1990 (54.3%)
2026-05-20 13:48:35,883 - INFO - [重识别] 行人 16 满足条件后重新匹配 (相似度: 0.828)
2026-05-20 13:48:37,833 - INFO - [重识别] 行人 23 满足条件后重新匹配 (相似度: 0.898)
2026-05-20 13:48:38,488 - INFO - [上车事件] 行人ID 21 上了车辆ID 610，距离: 18.9px，帧号: 1097
2026-05-20 13:48:38,488 - INFO - [上车事件] 行人ID 6 上了车辆ID 750，距离: 20.6px，帧号: 1097
2026-05-20 13:48:41,027 - INFO - [重识别] 行人 5 满足条件后重新匹配 (相似度: 0.757)
2026-05-20 13:48:41,677 - INFO - [上车事件] 行人ID 5 上了车辆ID 13，距离: 17.1px，帧号: 1107
2026-05-20 13:48:41,997 - INFO - [重识别] 行人 22 满足条件后重新匹配 (相似度: 0.806)
2026-05-20 13:48:42,324 - INFO - [重识别] 行人 12 满足条件后重新匹配 (相似度: 0.739)
2026-05-20 13:48:42,651 - INFO - 进度: 1110/1990 (55.8%)
2026-05-20 13:48:44,546 - INFO - [上车事件] 行人ID 12 上了车辆ID 610，距离: 13.6px，帧号: 1116
2026-05-20 13:48:52,592 - INFO - 进度: 1140/1990 (57.3%)
2026-05-20 13:49:02,395 - INFO - 进度: 1170/1990 (58.8%)
2026-05-20 13:49:09,750 - INFO - [重识别] 行人 11 满足条件后重新匹配 (相似度: 0.829)
2026-05-20 13:49:11,037 - INFO - [重识别] 行人 20 满足条件后重新匹配 (相似度: 0.832)
2026-05-20 13:49:12,633 - INFO - 进度: 1200/1990 (60.3%)
2026-05-20 13:49:15,473 - INFO - [重识别] 行人 5 满足条件后重新匹配 (相似度: 0.728)
2026-05-20 13:49:16,113 - INFO - [重识别] 行人 2 满足条件后重新匹配 (相似度: 0.916)
2026-05-20 13:49:16,432 - INFO - [重识别] 行人 22 满足条件后重新匹配 (相似度: 0.724)
2026-05-20 13:49:18,093 - INFO - [重识别] 行人 10 满足条件后重新匹配 (相似度: 0.759)
2026-05-20 13:49:20,805 - INFO - [重识别] 行人 13 满足条件后重新匹配 (相似度: 0.729)
2026-05-20 13:49:22,088 - INFO - [重识别] 行人 24 满足条件后重新匹配 (相似度: 0.755)
2026-05-20 13:49:22,726 - INFO - [重识别] 行人 15 满足条件后重新匹配 (相似度: 0.724)
2026-05-20 13:49:22,736 - INFO - 进度: 1230/1990 (61.8%)
2026-05-20 13:49:29,817 - INFO - [重识别] 行人 23 满足条件后重新匹配 (相似度: 0.786)
2026-05-20 13:49:32,385 - INFO - 进度: 1260/1990 (63.3%)
2026-05-20 13:49:33,721 - INFO - [重识别] 行人 22 满足条件后重新匹配 (相似度: 0.796)
2026-05-20 13:49:36,645 - INFO - [重识别] 行人 1 满足条件后重新匹配 (相似度: 0.760)
2026-05-20 13:49:42,715 - INFO - 进度: 1290/1990 (64.8%)
2026-05-20 13:49:45,883 - INFO - [重识别] 行人 26 满足条件后重新匹配 (相似度: 0.875)
2026-05-20 13:49:46,528 - INFO - [重识别] 行人 24 满足条件后重新匹配 (相似度: 0.807)
2026-05-20 13:49:48,476 - INFO - [重识别] 行人 17 满足条件后重新匹配 (相似度: 0.725)
2026-05-20 13:49:50,550 - INFO - [重识别] 行人 16 满足条件后重新匹配 (相似度: 0.762)
2026-05-20 13:49:52,755 - INFO - 进度: 1320/1990 (66.3%)
2026-05-20 13:49:59,384 - INFO - [重识别] 行人 26 满足条件后重新匹配 (相似度: 0.717)
2026-05-20 13:50:02,254 - INFO - 进度: 1350/1990 (67.8%)
2026-05-20 13:50:03,542 - INFO - [重识别] 行人 11 满足条件后重新匹配 (相似度: 0.819)
2026-05-20 13:50:07,052 - INFO - [重识别] 行人 14 满足条件后重新匹配 (相似度: 0.818)
2026-05-20 13:50:10,527 - INFO - [重识别] 行人 23 满足条件后重新匹配 (相似度: 0.886)
2026-05-20 13:50:12,425 - INFO - 进度: 1380/1990 (69.3%)
2026-05-20 13:50:15,269 - INFO - [重识别] 行人 28 满足条件后重新匹配 (相似度: 0.815)
2026-05-20 13:50:22,321 - INFO - 进度: 1410/1990 (70.9%)
2026-05-20 13:50:22,635 - INFO - [重识别] 行人 24 满足条件后重新匹配 (相似度: 0.788)
2026-05-20 13:50:28,582 - INFO - [重识别] 行人 9 满足条件后重新匹配 (相似度: 0.808)
2026-05-20 13:50:29,219 - INFO - [重识别] 行人 1 满足条件后重新匹配 (相似度: 0.821)
2026-05-20 13:50:29,226 - INFO - [重识别] 行人 26 满足条件后重新匹配 (相似度: 0.840)
2026-05-20 13:50:31,748 - INFO - 进度: 1440/1990 (72.4%)
2026-05-20 13:50:32,060 - INFO - [重识别] 行人 4 满足条件后重新匹配 (相似度: 0.796)
2026-05-20 13:50:33,643 - INFO - [重识别] 行人 13 满足条件后重新匹配 (相似度: 0.737)
2026-05-20 13:50:39,073 - INFO - [重识别] 行人 28 满足条件后重新匹配 (相似度: 0.786)
2026-05-20 13:50:40,653 - INFO - [重识别] 行人 24 满足条件后重新匹配 (相似度: 0.810)
2026-05-20 13:50:41,918 - INFO - [重识别] 行人 2 满足条件后重新匹配 (相似度: 0.794)
2026-05-20 13:50:41,925 - INFO - 进度: 1470/1990 (73.9%)
2026-05-20 13:50:42,548 - INFO - [重识别] 行人 9 满足条件后重新匹配 (相似度: 0.720)
2026-05-20 13:50:43,499 - INFO - [重识别] 行人 22 满足条件后重新匹配 (相似度: 0.813)
2026-05-20 13:50:51,524 - INFO - [重识别] 行人 24 满足条件后重新匹配 (相似度: 0.794)
2026-05-20 13:50:51,865 - INFO - 进度: 1500/1990 (75.4%)
2026-05-20 13:50:53,155 - INFO - [重识别] 行人 14 满足条件后重新匹配 (相似度: 0.842)
2026-05-20 13:50:54,118 - INFO - [重识别] 行人 6 满足条件后重新匹配 (相似度: 0.817)
2026-05-20 13:51:01,507 - INFO - 进度: 1530/1990 (76.9%)
2026-05-20 13:51:11,750 - INFO - 进度: 1560/1990 (78.4%)
2026-05-20 13:51:12,368 - INFO - [下车事件] 行人ID 29 从车辆ID 1000 下车，距离: 12.1px（前一帧该车无人），帧号: 1562
2026-05-20 13:51:13,944 - INFO - [上车事件] 行人ID 29 上了车辆ID 1000，距离: 3.2px，帧号: 1567
2026-05-20 13:51:16,790 - INFO - [重识别] 行人 6 满足条件后重新匹配 (相似度: 0.807)
2026-05-20 13:51:20,015 - INFO - [重识别] 行人 15 满足条件后重新匹配 (相似度: 0.780)
2026-05-20 13:51:21,662 - INFO - 进度: 1590/1990 (79.9%)
2026-05-20 13:51:23,236 - INFO - [重识别] 行人 21 满足条件后重新匹配 (相似度: 0.763)
2026-05-20 13:51:24,817 - INFO - [重识别] 行人 26 满足条件后重新匹配 (相似度: 0.738)
2026-05-20 13:51:27,983 - INFO - [重识别] 行人 14 满足条件后重新匹配 (相似度: 0.765)
2026-05-20 13:51:27,988 - INFO - [重识别] 行人 29 满足条件后重新匹配 (相似度: 0.867)
2026-05-20 13:51:29,280 - INFO - [重识别] 行人 11 满足条件后重新匹配 (相似度: 0.765)
2026-05-20 13:51:31,228 - INFO - 进度: 1620/1990 (81.4%)
2026-05-20 13:51:31,538 - INFO - [重识别] 行人 3 满足条件后重新匹配 (相似度: 0.829)
2026-05-20 13:51:34,091 - INFO - [重识别] 行人 24 满足条件后重新匹配 (相似度: 0.765)
2026-05-20 13:51:37,360 - INFO - [重识别] 行人 23 满足条件后重新匹配 (相似度: 0.862)
2026-05-20 13:51:41,526 - INFO - 进度: 1650/1990 (82.9%)
2026-05-20 13:51:43,430 - INFO - [重识别] 行人 5 满足条件后重新匹配 (相似度: 0.788)
2026-05-20 13:51:46,271 - INFO - [重识别] 行人 22 满足条件后重新匹配 (相似度: 0.790)
2026-05-20 13:51:48,186 - INFO - [重识别] 行人 9 满足条件后重新匹配 (相似度: 0.778)
2026-05-20 13:51:49,166 - INFO - [重识别] 行人 14 满足条件后重新匹配 (相似度: 0.748)
2026-05-20 13:51:51,542 - INFO - 进度: 1680/1990 (84.4%)
2026-05-20 13:52:00,742 - INFO - [重识别] 行人 9 满足条件后重新匹配 (相似度: 0.788)
2026-05-20 13:52:01,076 - INFO - 进度: 1710/1990 (85.9%)
2026-05-20 13:52:01,386 - INFO - [重识别] 行人 24 满足条件后重新匹配 (相似度: 0.835)
2026-05-20 13:52:03,924 - INFO - [重识别] 行人 15 满足条件后重新匹配 (相似度: 0.835)
2026-05-20 13:52:07,783 - INFO - [重识别] 行人 11 满足条件后重新匹配 (相似度: 0.759)
2026-05-20 13:52:11,250 - INFO - 进度: 1740/1990 (87.4%)
2026-05-20 13:52:21,242 - INFO - 进度: 1770/1990 (88.9%)
2026-05-20 13:52:21,874 - INFO - [重识别] 行人 7 满足条件后重新匹配 (相似度: 0.780)
2026-05-20 13:52:23,467 - INFO - [重识别] 行人 15 满足条件后重新匹配 (相似度: 0.895)
2026-05-20 13:52:24,744 - INFO - [重识别] 行人 20 满足条件后重新匹配 (相似度: 0.784)
2026-05-20 13:52:30,843 - INFO - 进度: 1800/1990 (90.5%)
2026-05-20 13:52:37,277 - INFO - [重识别] 行人 32 满足条件后重新匹配 (相似度: 0.787)
2026-05-20 13:52:38,226 - INFO - [上车事件] 行人ID 7 上了车辆ID 1151，距离: 25.7px，帧号: 1821
2026-05-20 13:52:39,504 - INFO - [重识别] 行人 22 满足条件后重新匹配 (相似度: 0.875)
2026-05-20 13:52:41,100 - INFO - 进度: 1830/1990 (92.0%)
2026-05-20 13:52:41,416 - INFO - [重识别] 行人 26 满足条件后重新匹配 (相似度: 0.853)
2026-05-20 13:52:46,205 - INFO - [重识别] 行人 15 满足条件后重新匹配 (相似度: 0.861)
2026-05-20 13:52:49,412 - INFO - [重识别] 行人 32 满足条件后重新匹配 (相似度: 0.898)
2026-05-20 13:52:51,193 - INFO - 进度: 1860/1990 (93.5%)
2026-05-20 13:52:54,992 - INFO - [重识别] 行人 26 满足条件后重新匹配 (相似度: 0.879)
2026-05-20 13:53:00,767 - INFO - 进度: 1890/1990 (95.0%)
2026-05-20 13:53:02,679 - INFO - [重识别] 行人 7 满足条件后重新匹配 (相似度: 0.834)
2026-05-20 13:53:09,070 - INFO - [重识别] 行人 26 满足条件后重新匹配 (相似度: 0.847)
2026-05-20 13:53:10,995 - INFO - 进度: 1920/1990 (96.5%)
2026-05-20 13:53:20,950 - INFO - 进度: 1950/1990 (98.0%)
2026-05-20 13:53:24,490 - INFO - [重识别] 行人 21 满足条件后重新匹配 (相似度: 0.943)
2026-05-20 13:53:27,653 - INFO - [重识别] 行人 6 满足条件后重新匹配 (相似度: 0.888)
2026-05-20 13:53:29,239 - INFO - [重识别] 行人 7 满足条件后重新匹配 (相似度: 0.807)
2026-05-20 13:53:29,883 - INFO - [重识别] 行人 32 满足条件后重新匹配 (相似度: 0.808)
2026-05-20 13:53:29,883 - INFO - [下车事件] 行人ID 32 从车辆ID 1232 下车，距离: 14.5px（前一帧该车无人），帧号: 1978
2026-05-20 13:53:30,536 - INFO - 进度: 1980/1990 (99.5%)
2026-05-20 13:53:33,804 - INFO - [上车事件-结算] 行人ID 32 上了车辆ID 1232（视频结束）
2026-05-20 13:53:33,805 - INFO - 统计数据已保存到: logs\stats_20260520_135333.json
2026-05-20 13:53:33,805 - INFO - 
============================================================
2026-05-20 13:53:33,805 - INFO - 乘客上下车统计报告
2026-05-20 13:53:33,805 - INFO - ============================================================
2026-05-20 13:53:33,806 - INFO - 总帧数: 1990
2026-05-20 13:53:33,806 - INFO - 检测到唯一行人数: 32
2026-05-20 13:53:33,806 - INFO - 上车人数（去重）: 15
2026-05-20 13:53:33,806 - INFO - 下车人数（去重）: 4
2026-05-20 13:53:33,806 - INFO - 严格上车距离阈值: 30px
2026-05-20 13:53:33,806 - INFO - 严格下车距离阈值: 15px（前一帧车辆必须无人）
2026-05-20 13:53:33,806 - INFO - 
各车辆上下车统计:
2026-05-20 13:53:33,806 - INFO -   车辆ID13:
2026-05-20 13:53:33,806 - INFO -     上车行人: [2, 5]
2026-05-20 13:53:33,806 - INFO -     下车行人: 无
2026-05-20 13:53:33,806 - INFO -   车辆ID3:
2026-05-20 13:53:33,807 - INFO -     上车行人: [17]
2026-05-20 13:53:33,807 - INFO -     下车行人: 无
2026-05-20 13:53:33,807 - INFO -   车辆ID264:
2026-05-20 13:53:33,807 - INFO -     上车行人: [9]
2026-05-20 13:53:33,807 - INFO -     下车行人: 无
2026-05-20 13:53:33,807 - INFO -   车辆ID252:
2026-05-20 13:53:33,807 - INFO -     上车行人: [1]
2026-05-20 13:53:33,807 - INFO -     下车行人: [1]
2026-05-20 13:53:33,807 - INFO -   车辆ID448:
2026-05-20 13:53:33,807 - INFO -     上车行人: [16]
2026-05-20 13:53:33,807 - INFO -     下车行人: 无
2026-05-20 13:53:33,807 - INFO -   车辆ID485:
2026-05-20 13:53:33,807 - INFO -     上车行人: [23]
2026-05-20 13:53:33,807 - INFO -     下车行人: 无
2026-05-20 13:53:33,807 - INFO -   车辆ID577:
2026-05-20 13:53:33,807 - INFO -     上车行人: [24]
2026-05-20 13:53:33,808 - INFO -     下车行人: 无
2026-05-20 13:53:33,808 - INFO -   车辆ID589:
2026-05-20 13:53:33,808 - INFO -     上车行人: [22]
2026-05-20 13:53:33,808 - INFO -     下车行人: [22]
2026-05-20 13:53:33,808 - INFO -   车辆ID610:
2026-05-20 13:53:33,808 - INFO -     上车行人: [12, 21]
2026-05-20 13:53:33,808 - INFO -     下车行人: 无
2026-05-20 13:53:33,808 - INFO -   车辆ID750:
2026-05-20 13:53:33,810 - INFO -     上车行人: [6]
2026-05-20 13:53:33,810 - INFO -     下车行人: 无
2026-05-20 13:53:33,810 - INFO -   车辆ID1000:
2026-05-20 13:53:33,810 - INFO -     上车行人: [29]
2026-05-20 13:53:33,810 - INFO -     下车行人: [29]
2026-05-20 13:53:33,810 - INFO -   车辆ID1151:
2026-05-20 13:53:33,810 - INFO -     上车行人: [7]
2026-05-20 13:53:33,810 - INFO -     下车行人: 无
2026-05-20 13:53:33,810 - INFO -   车辆ID1232:
2026-05-20 13:53:33,810 - INFO -     上车行人: [32]
2026-05-20 13:53:33,810 - INFO -     下车行人: [32]
2026-05-20 13:53:33,810 - INFO - ============================================================
2026-05-20 13:53:33,811 - INFO - 详细日志: logs\passenger_count_20260520_134232.log
2026-05-20 13:53:33,811 - INFO - 统计数据: logs\stats_20260520_135333.json
2026-05-20 13:53:33,811 - INFO - ============================================================
